  Using bundled DotNet SDK version: 6.0.302
  Running UnrealBuildTool: dotnet "..\..\Engine\Binaries\DotNET\UnrealBuildTool\UnrealBuildTool.dll" AsylumProjectEditor Win64 Development -Project="D:\Proyectos Unreal\Asylum\Asylum\AsylumProject\AsylumProject.uproject" -WaitMutex -FromMsBuild
  Log file: C:\Users\diego\AppData\Local\UnrealBuildTool\Log.txt
  Using 'git status' to determine working set for adaptive non-unity build (D:\Proyectos Unreal\Asylum\Asylum).
  Invalidating makefile for AsylumProjectEditor (MyDoor.cpp.obj.response modified)
  Parsing headers for AsylumProjectEditor
    Running Internal UnrealHeaderTool "D:\Proyectos Unreal\Asylum\Asylum\AsylumProject\AsylumProject.uproject" "D:\Proyectos Unreal\Asylum\Asylum\AsylumProject\Intermediate\Build\Win64\AsylumProjectEditor\Development\AsylumProjectEditor.uhtmanifest" -WarningsAsErrors -installed
  Total of 2 written
  Reflection code generated for AsylumProjectEditor in 2.1870105 seconds
  Building AsylumProjectEditor...
  Using Visual Studio 2022 14.34.31946 toolchain (C:\Program Files\Microsoft Visual Studio\2022\Community\VC\Tools\MSVC\14.34.31933) and Windows 10.0.22621.0 SDK (C:\Program Files (x86)\Windows Kits\10).
  [Upgrade]
  [Upgrade] Using backward-compatible include order. The latest version of UE has changed the order of includes, which may require code changes. The current setting is:
  [Upgrade]     IncludeOrderVersion = EngineIncludeOrderVersion.Unreal5_1
  [Upgrade] Suppress this message by setting 'IncludeOrderVersion = EngineIncludeOrderVersion.Unreal5_2;' in AsylumProjectEditor.Target.cs.
  [Upgrade] Alternatively you can set this to 'EngineIncludeOrderVersion.Latest' to always use the latest include order. This will potentially cause compile errors when integrating new versions of the engine.
  [Upgrade]
  [Adaptive Build] Excluded from AsylumProject unity file: MyDoor.cpp
  Determining max actions to execute in parallel (4 physical cores, 8 logical cores)
    Executing up to 4 processes, one per physical core
  Building 9 actions with 4 processes...
  [1/9] Compile [x64] AsylumProject.init.gen.cpp
  [2/9] Compile [x64] MyDoor.gen.cpp
  [3/9] Compile [x64] AsylumProjectGameMode.cpp
  [4/9] Compile [x64] MyDoor.cpp
  [5/9] Compile [x64] AsylumProjectCharacter.gen.cpp
  [6/9] Compile [x64] AsylumProjectCharacter.cpp
  [7/9] Link [x64] UnrealEditor-AsylumProject-0005.lib
     Creando biblioteca D:\Proyectos Unreal\Asylum\Asylum\AsylumProject\Intermediate\Build\Win64\x64\UnrealEditor\Development\AsylumProject\UnrealEditor-AsylumProject-0005.lib y objeto D:\Proyectos Unreal\Asylum\Asylum\AsylumProject\Intermediate\Build\Win64\x64\UnrealEditor\Development\AsylumProject\UnrealEditor-AsylumProject-0005.exp
  [8/9] Link [x64] UnrealEditor-AsylumProject-0005.dll
     Creando biblioteca D:\Proyectos Unreal\Asylum\Asylum\AsylumProject\Intermediate\Build\Win64\x64\UnrealEditor\Development\AsylumProject\UnrealEditor-AsylumProject-0005.suppressed.lib y objeto D:\Proyectos Unreal\Asylum\Asylum\AsylumProject\Intermediate\Build\Win64\x64\UnrealEditor\Development\AsylumProject\UnrealEditor-AsylumProject-0005.suppressed.exp
  [9/9] WriteMetadata AsylumProjectEditor.target
  Total time in Parallel executor: 6.02 seconds
  Total execution time: 11.35 seconds
